<?xml version="1.0" encoding="UTF-8"?>
<!-- Generated by org.testng.reporters.JUnitReportReporter -->
<testsuite hostname="Karthick" failures="0" tests="1" name="tests.PunchInTest" time="19.899" errors="0" timestamp="2024-11-17T01:17:25 IST" skipped="0">
  <testcase classname="tests.PunchInTest" name="punchInTest" time="19.899"/>
</testsuite> <!-- tests.PunchInTest -->
