<?xml version="1.0" encoding="UTF-8"?>
<!-- Generated by org.testng.reporters.JUnitReportReporter -->
<testsuite hostname="Karthick" failures="0" tests="1" name="tests.DataImportTest" time="11.340" errors="0" timestamp="2024-11-29T23:57:29 IST" skipped="0">
  <testcase classname="tests.DataImportTest" name="verifyDataImportFunctionality" time="11.340"/>
</testsuite> <!-- tests.DataImportTest -->
