<?xml version="1.0" encoding="UTF-8"?>
<!-- Generated by org.testng.reporters.JUnitReportReporter -->
<testsuite hostname="Karthick" failures="0" tests="1" name="tests.LeaveTest" time="12.758" errors="0" timestamp="2024-11-17T01:17:25 IST" skipped="0">
  <testcase classname="tests.LeaveTest" name="applyLeaveTest" time="12.758"/>
</testsuite> <!-- tests.LeaveTest -->
