<?xml version="1.0" encoding="UTF-8"?>
<!-- Generated by org.testng.reporters.JUnitReportReporter -->
<testsuite hostname="Karthick" failures="0" tests="1" name="tests.DashboardTest" time="10.189" errors="0" timestamp="2024-11-29T23:57:29 IST" skipped="0">
  <testcase classname="tests.DashboardTest" name="verifyLogoutFunctionality" time="10.189"/>
</testsuite> <!-- tests.DashboardTest -->
