<?xml version="1.0" encoding="UTF-8"?>
<!-- Generated by org.testng.reporters.JUnitReportReporter -->
<testsuite hostname="Karthick" failures="0" tests="2" name="tests.LoginTest" time="19.704" errors="0" timestamp="2024-11-29T19:58:49 IST" skipped="0">
  <testcase classname="tests.LoginTest" name="validLoginTest" time="9.469"/>
  <testcase classname="tests.LoginTest" name="invalidLoginTest" time="10.235"/>
</testsuite> <!-- tests.LoginTest -->
