<?xml version="1.0" encoding="UTF-8"?>
<!-- Generated by org.testng.reporters.JUnitReportReporter -->
<testsuite hostname="Karthick" failures="0" tests="1" name="tests.DashboardTest" time="14.247" errors="0" timestamp="2024-11-29T19:58:49 IST" skipped="0">
  <testcase classname="tests.DashboardTest" name="verifyLogoutFunctionality" time="14.247"/>
</testsuite> <!-- tests.DashboardTest -->
