<?xml version="1.0" encoding="UTF-8"?>
<!-- Generated by org.testng.reporters.JUnitReportReporter -->
<testsuite hostname="Karthick" failures="0" tests="1" name="tests.DataImportTest" time="14.984" errors="0" timestamp="2024-11-29T19:58:49 IST" skipped="0">
  <testcase classname="tests.DataImportTest" name="verifyDataImportFunctionality" time="14.984"/>
</testsuite> <!-- tests.DataImportTest -->
