<?xml version="1.0" encoding="UTF-8"?>
<!-- Generated by org.testng.reporters.JUnitReportReporter -->
<testsuite hostname="Karthick" failures="0" tests="2" name="tests.LoginTest" time="15.496" errors="0" timestamp="2024-11-29T23:57:29 IST" skipped="0">
  <testcase classname="tests.LoginTest" name="invalidLoginTest" time="7.889"/>
  <testcase classname="tests.LoginTest" name="validLoginTest" time="7.607"/>
</testsuite> <!-- tests.LoginTest -->
